<?xml version="1.0" encoding="UTF-8"?>
<!-- Generated by org.testng.reporters.JUnitReportReporter -->
<testsuite skipped="0" hostname="LAPTOP-HPGRN3FM" name="com.pentpractice.testcases.Tc_00loginpage" tests="1" failures="0" timestamp="31 Aug 2019 18:39:59 GMT" time="9.481" errors="0">
  <testcase name="logintest" time="9.481" classname="com.pentpractice.testcases.Tc_00loginpage"/>
</testsuite> <!-- com.pentpractice.testcases.Tc_00loginpage -->
