<?xml version="1.0" encoding="UTF-8"?>
<!-- Generated by org.testng.reporters.JUnitReportReporter -->
<testsuite skipped="0" hostname="LAPTOP-HPGRN3FM" name="com.pentpractice.testcases.Tc_00loginpage" tests="1" failures="0" timestamp="01 Sep 2019 11:17:57 GMT" time="11.229" errors="0">
  <testcase name="logintest" time="11.229" classname="com.pentpractice.testcases.Tc_00loginpage"/>
</testsuite> <!-- com.pentpractice.testcases.Tc_00loginpage -->
