<?xml version="1.0" encoding="UTF-8"?>
<!-- Generated by org.testng.reporters.JUnitReportReporter -->
<testsuite skipped="0" hostname="LAPTOP-HPGRN3FM" name="com.pentpractice.testcases.Tc_004prataploginpage" tests="1" failures="0" timestamp="12 Sep 2019 11:15:12 GMT" time="87.255" errors="0">
  <testcase name="logintest" time="87.255" classname="com.pentpractice.testcases.Tc_004prataploginpage"/>
</testsuite> <!-- com.pentpractice.testcases.Tc_004prataploginpage -->
