<?xml version="1.0" encoding="UTF-8"?>
<!-- Generated by org.testng.reporters.JUnitReportReporter -->
<testsuite skipped="0" hostname="LAPTOP-HPGRN3FM" name="com.pentpractice.testcases.Tc_00loginpage" tests="1" failures="0" timestamp="08 Sep 2019 20:58:14 GMT" time="45.074" errors="0">
  <testcase name="logintest" time="45.074" classname="com.pentpractice.testcases.Tc_00loginpage"/>
</testsuite> <!-- com.pentpractice.testcases.Tc_00loginpage -->
