<?xml version="1.0" encoding="UTF-8"?>
<!-- Generated by org.testng.reporters.JUnitReportReporter -->
<testsuite skipped="0" hostname="LAPTOP-HPGRN3FM" name="com.pentpractice.testcases.Tc_003loginpage" tests="1" failures="0" timestamp="31 Aug 2019 18:39:59 GMT" time="6.654" errors="0">
  <testcase name="logintest3" time="6.654" classname="com.pentpractice.testcases.Tc_003loginpage"/>
</testsuite> <!-- com.pentpractice.testcases.Tc_003loginpage -->
