<?xml version="1.0" encoding="UTF-8"?>
<!-- Generated by org.testng.reporters.JUnitReportReporter -->
<testsuite skipped="0" hostname="LAPTOP-HPGRN3FM" name="com.pentpractice.testcases.Tc_003loginpage" tests="1" failures="0" timestamp="12 Sep 2019 11:15:12 GMT" time="25.164" errors="0">
  <testcase name="logintest3" time="25.164" classname="com.pentpractice.testcases.Tc_003loginpage"/>
</testsuite> <!-- com.pentpractice.testcases.Tc_003loginpage -->
