<?xml version="1.0" encoding="UTF-8"?>
<!-- Generated by org.testng.reporters.JUnitReportReporter -->
<testsuite skipped="0" hostname="LAPTOP-HPGRN3FM" name="com.pentpractice.testcases.Tc_002loginpage" tests="1" failures="0" timestamp="30 Aug 2019 13:49:14 GMT" time="5.465" errors="0">
  <testcase name="logintest2" time="5.465" classname="com.pentpractice.testcases.Tc_002loginpage"/>
</testsuite> <!-- com.pentpractice.testcases.Tc_002loginpage -->
